02/28/2025 15:09:14 - INFO - __main__ -   Namespace(model_name_or_path='Salesforce/codet5-base', dataset_name='Transfer', subset=None, split=None, size_valid_set=10000, streaming=False, shuffle_buffer=5000, train_filename='primevul_data/train.jsonl', dev_filename='primevul_data/valid.jsonl', output_dir='result', max_source_length=512, max_target_length=256, beam_size=1, train_batch_size=16, learning_rate=4e-05, num_train_epochs=75, eval_step=1, input_column_name='prompt', output_column_name='completion', seq_length=2048, max_steps=10000, batch_size=1, gradient_accumulation_steps=16, eos_token_id=49152, lora_r=16, lora_alpha=32, lora_dropout=0.05, lr_scheduler_type='cosine', num_warmup_steps=100, weight_decay=0.05, local_rank=0, no_fp16=True, bf16=True, no_gradient_checkpointing=False, seed=0, num_workers=None, log_freq=100, eval_freq=100, save_freq=1000)
02/28/2025 15:09:14 - INFO - __main__ -   ---------------------------
The new embeddings will be initialized from a multivariate normal distribution that has old embeddings' mean and covariance. As described in this article: https://nlp.stanford.edu/~johnhew/vocab-expansion.html. To disable this, use `mean_resizing=False`
02/28/2025 15:09:29 - INFO - __main__ -   ---------------------------
02/28/2025 15:09:29 - INFO - __main__ -   Load Dataset...
02/28/2025 15:09:42 - INFO - __main__ -   Load Dataset Success.
/mnt/cephfs/abelran/miniconda3/lib/python3.12/site-packages/transformers/optimization.py:591: FutureWarning: This implementation of AdamW is deprecated and will be removed in a future version. Use the PyTorch implementation torch.optim.AdamW instead, or set `no_deprecation_warning=True` to disable this warning
  warnings.warn(
02/28/2025 15:09:42 - WARNING - accelerate.utils.other -   Detected kernel version 5.4.241, which is below the recommended minimum of 5.5.0; this can cause the process to hang. It is recommended to upgrade the kernel to the minimum version or higher.
02/28/2025 15:09:42 - INFO - __main__ -   Model train...
02/28/2025 15:09:42 - INFO - __main__ -   ***** Running training *****
02/28/2025 15:09:42 - INFO - __main__ -         Batch size = 16
02/28/2025 15:09:42 - INFO - __main__ -         Num epoch = 75
02/28/2025 15:09:42 - INFO - __main__ -   ****************************
02/28/2025 15:09:42 - INFO - __main__ -     epoch = 0
Load Tokenizer and Model...
primevul_data/train.jsonl total size: 3789
primevul_data/valid.jsonl total size: 480
Passing a tuple of `past_key_values` is deprecated and will be removed in Transformers v4.48.0. You should pass an instance of `EncoderDecoderCache` instead, e.g. `past_key_values=EncoderDecoderCache.from_legacy_cache(past_key_values)`.
02/28/2025 15:09:47 - INFO - __main__ -   Epoch: 0, Train_Step: 0/237, Train_Loss = 9.538
02/28/2025 15:13:50 - INFO - __main__ -   Epoch: 0, Train_Step: 200/237, Train_Loss = 2.7482
02/28/2025 15:14:34 - INFO - __main__ -   epoch: 0, step: 236/237, loss: 2.6833, lr: 3.95e-05, oom: 0, time: 291s
02/28/2025 15:14:34 - INFO - __main__ -   -------start validation--------
02/28/2025 15:14:35 - INFO - __main__ -    0/30 , Val_Loss = 2.0405776500701904
02/28/2025 15:14:46 - INFO - __main__ -   Validation Loss = 2.1572824239730837
02/28/2025 15:14:46 - INFO - __main__ -   Current is Best Loss = 2.1572824239730837
[2025-02-28 15:14:46,492] [INFO] [real_accelerator.py:222:get_accelerator] Setting ds_accelerator to cuda (auto detect)
02/28/2025 15:14:52 - INFO - __main__ -   ---------end validation--------
02/28/2025 15:14:52 - INFO - __main__ -     epoch = 1
02/28/2025 15:14:54 - INFO - __main__ -   Epoch: 1, Train_Step: 0/237, Train_Loss = 2.3814
02/28/2025 15:18:51 - INFO - __main__ -   Epoch: 1, Train_Step: 200/237, Train_Loss = 2.1227
02/28/2025 15:19:35 - INFO - __main__ -   epoch: 1, step: 236/237, loss: 2.1074, lr: 3.89e-05, oom: 0, time: 282s
02/28/2025 15:19:35 - INFO - __main__ -   -------start validation--------
02/28/2025 15:19:36 - INFO - __main__ -    0/30 , Val_Loss = 1.8960906267166138
02/28/2025 15:19:47 - INFO - __main__ -   Validation Loss = 2.002465009689331
02/28/2025 15:19:47 - INFO - __main__ -   Current is Best Loss = 2.002465009689331
02/28/2025 15:19:50 - INFO - __main__ -   ---------end validation--------
02/28/2025 15:19:50 - INFO - __main__ -     epoch = 2
02/28/2025 15:19:52 - INFO - __main__ -   Epoch: 2, Train_Step: 0/237, Train_Loss = 2.0963
02/28/2025 15:23:51 - INFO - __main__ -   Epoch: 2, Train_Step: 200/237, Train_Loss = 1.915
02/28/2025 15:24:34 - INFO - __main__ -   epoch: 2, step: 236/237, loss: 1.9037, lr: 3.84e-05, oom: 0, time: 284s
02/28/2025 15:24:34 - INFO - __main__ -   -------start validation--------
02/28/2025 15:24:36 - INFO - __main__ -    0/30 , Val_Loss = 1.8371399641036987
02/28/2025 15:24:46 - INFO - __main__ -   Validation Loss = 1.9385497053464253
02/28/2025 15:24:46 - INFO - __main__ -   Current is Best Loss = 1.9385497053464253
02/28/2025 15:24:50 - INFO - __main__ -   ---------end validation--------
02/28/2025 15:24:50 - INFO - __main__ -     epoch = 3
02/28/2025 15:24:52 - INFO - __main__ -   Epoch: 3, Train_Step: 0/237, Train_Loss = 1.971
02/28/2025 15:28:49 - INFO - __main__ -   Epoch: 3, Train_Step: 200/237, Train_Loss = 1.7584
02/28/2025 15:29:31 - INFO - __main__ -   epoch: 3, step: 236/237, loss: 1.7474, lr: 3.79e-05, oom: 0, time: 281s
02/28/2025 15:29:31 - INFO - __main__ -   -------start validation--------
02/28/2025 15:29:32 - INFO - __main__ -    0/30 , Val_Loss = 1.8112016916275024
02/28/2025 15:29:43 - INFO - __main__ -   Validation Loss = 1.9027966101964315
02/28/2025 15:29:43 - INFO - __main__ -   Current is Best Loss = 1.9027966101964315
02/28/2025 15:29:46 - INFO - __main__ -   ---------end validation--------
02/28/2025 15:29:46 - INFO - __main__ -     epoch = 4
02/28/2025 15:29:48 - INFO - __main__ -   Epoch: 4, Train_Step: 0/237, Train_Loss = 1.8117
02/28/2025 15:33:49 - INFO - __main__ -   Epoch: 4, Train_Step: 200/237, Train_Loss = 1.6279
02/28/2025 15:34:34 - INFO - __main__ -   epoch: 4, step: 236/237, loss: 1.6167, lr: 3.73e-05, oom: 0, time: 288s
02/28/2025 15:34:34 - INFO - __main__ -   -------start validation--------
02/28/2025 15:34:36 - INFO - __main__ -    0/30 , Val_Loss = 1.7954527139663696
02/28/2025 15:34:46 - INFO - __main__ -   Validation Loss = 1.8677115003267923
02/28/2025 15:34:46 - INFO - __main__ -   Current is Best Loss = 1.8677115003267923
02/28/2025 15:34:49 - INFO - __main__ -   ---------end validation--------
02/28/2025 15:34:49 - INFO - __main__ -     epoch = 5
02/28/2025 15:34:52 - INFO - __main__ -   Epoch: 5, Train_Step: 0/237, Train_Loss = 1.6625
02/28/2025 15:38:52 - INFO - __main__ -   Epoch: 5, Train_Step: 200/237, Train_Loss = 1.4965
02/28/2025 15:39:35 - INFO - __main__ -   epoch: 5, step: 236/237, loss: 1.4838, lr: 3.68e-05, oom: 0, time: 285s
02/28/2025 15:39:35 - INFO - __main__ -   -------start validation--------
02/28/2025 15:39:36 - INFO - __main__ -    0/30 , Val_Loss = 1.7695027589797974
02/28/2025 15:39:47 - INFO - __main__ -   Validation Loss = 1.8205233613650005
02/28/2025 15:39:47 - INFO - __main__ -   Current is Best Loss = 1.8205233613650005
02/28/2025 15:39:50 - INFO - __main__ -   ---------end validation--------
02/28/2025 15:39:50 - INFO - __main__ -     epoch = 6
02/28/2025 15:39:53 - INFO - __main__ -   Epoch: 6, Train_Step: 0/237, Train_Loss = 1.5249
02/28/2025 15:43:54 - INFO - __main__ -   Epoch: 6, Train_Step: 200/237, Train_Loss = 1.3408
02/28/2025 15:44:36 - INFO - __main__ -   epoch: 6, step: 236/237, loss: 1.3243, lr: 3.63e-05, oom: 0, time: 286s
02/28/2025 15:44:36 - INFO - __main__ -   -------start validation--------
02/28/2025 15:44:37 - INFO - __main__ -    0/30 , Val_Loss = 1.6997016668319702
02/28/2025 15:44:48 - INFO - __main__ -   Validation Loss = 1.7302086154619853
02/28/2025 15:44:48 - INFO - __main__ -   Current is Best Loss = 1.7302086154619853
02/28/2025 15:44:52 - INFO - __main__ -   ---------end validation--------
02/28/2025 15:44:52 - INFO - __main__ -     epoch = 7
02/28/2025 15:44:54 - INFO - __main__ -   Epoch: 7, Train_Step: 0/237, Train_Loss = 1.28
02/28/2025 15:48:56 - INFO - __main__ -   Epoch: 7, Train_Step: 200/237, Train_Loss = 1.17
02/28/2025 15:49:40 - INFO - __main__ -   epoch: 7, step: 236/237, loss: 1.1556, lr: 3.57e-05, oom: 0, time: 288s
02/28/2025 15:49:40 - INFO - __main__ -   -------start validation--------
02/28/2025 15:49:41 - INFO - __main__ -    0/30 , Val_Loss = 1.6320475339889526
02/28/2025 15:49:52 - INFO - __main__ -   Validation Loss = 1.6631439646085104
02/28/2025 15:49:52 - INFO - __main__ -   Current is Best Loss = 1.6631439646085104
02/28/2025 15:49:55 - INFO - __main__ -   ---------end validation--------
02/28/2025 15:49:55 - INFO - __main__ -     epoch = 8
02/28/2025 15:49:58 - INFO - __main__ -   Epoch: 8, Train_Step: 0/237, Train_Loss = 1.1205
02/28/2025 15:53:58 - INFO - __main__ -   Epoch: 8, Train_Step: 200/237, Train_Loss = 1.0192
02/28/2025 15:54:43 - INFO - __main__ -   epoch: 8, step: 236/237, loss: 1.0063, lr: 3.52e-05, oom: 0, time: 287s
02/28/2025 15:54:43 - INFO - __main__ -   -------start validation--------
02/28/2025 15:54:45 - INFO - __main__ -    0/30 , Val_Loss = 1.5730578899383545
02/28/2025 15:54:55 - INFO - __main__ -   Validation Loss = 1.5977683504422506
02/28/2025 15:54:55 - INFO - __main__ -   Current is Best Loss = 1.5977683504422506
02/28/2025 15:54:59 - INFO - __main__ -   ---------end validation--------
02/28/2025 15:54:59 - INFO - __main__ -     epoch = 9
02/28/2025 15:55:01 - INFO - __main__ -   Epoch: 9, Train_Step: 0/237, Train_Loss = 0.9415
02/28/2025 15:59:17 - INFO - __main__ -   Epoch: 9, Train_Step: 200/237, Train_Loss = 0.8838
02/28/2025 16:00:18 - INFO - __main__ -   epoch: 9, step: 236/237, loss: 0.8718, lr: 3.47e-05, oom: 0, time: 319s
02/28/2025 16:00:18 - INFO - __main__ -   -------start validation--------
02/28/2025 16:00:19 - INFO - __main__ -    0/30 , Val_Loss = 1.5741939544677734
02/28/2025 16:00:34 - INFO - __main__ -   Validation Loss = 1.544083547592163
02/28/2025 16:00:34 - INFO - __main__ -   Current is Best Loss = 1.544083547592163
02/28/2025 16:00:37 - INFO - __main__ -   ---------end validation--------
02/28/2025 16:00:37 - INFO - __main__ -     epoch = 10
02/28/2025 16:00:39 - INFO - __main__ -   Epoch: 10, Train_Step: 0/237, Train_Loss = 0.8604
02/28/2025 16:05:04 - INFO - __main__ -   Epoch: 10, Train_Step: 200/237, Train_Loss = 0.7678
02/28/2025 16:05:47 - INFO - __main__ -   epoch: 10, step: 236/237, loss: 0.7575, lr: 3.41e-05, oom: 0, time: 309s
02/28/2025 16:05:47 - INFO - __main__ -   -------start validation--------
02/28/2025 16:05:48 - INFO - __main__ -    0/30 , Val_Loss = 1.5856010913848877
02/28/2025 16:05:59 - INFO - __main__ -   Validation Loss = 1.5258097966512045
02/28/2025 16:05:59 - INFO - __main__ -   Current is Best Loss = 1.5258097966512045
02/28/2025 16:06:02 - INFO - __main__ -   ---------end validation--------
02/28/2025 16:06:02 - INFO - __main__ -     epoch = 11
02/28/2025 16:06:05 - INFO - __main__ -   Epoch: 11, Train_Step: 0/237, Train_Loss = 0.7226
02/28/2025 16:10:05 - INFO - __main__ -   Epoch: 11, Train_Step: 200/237, Train_Loss = 0.6707
02/28/2025 16:10:50 - INFO - __main__ -   epoch: 11, step: 236/237, loss: 0.6626, lr: 3.36e-05, oom: 0, time: 287s
02/28/2025 16:10:50 - INFO - __main__ -   -------start validation--------
02/28/2025 16:10:51 - INFO - __main__ -    0/30 , Val_Loss = 1.5824254751205444
02/28/2025 16:11:02 - INFO - __main__ -   Validation Loss = 1.507587492465973
02/28/2025 16:11:02 - INFO - __main__ -   Current is Best Loss = 1.507587492465973
02/28/2025 16:11:06 - INFO - __main__ -   ---------end validation--------
02/28/2025 16:11:06 - INFO - __main__ -     epoch = 12
02/28/2025 16:11:09 - INFO - __main__ -   Epoch: 12, Train_Step: 0/237, Train_Loss = 0.6284
02/28/2025 16:15:10 - INFO - __main__ -   Epoch: 12, Train_Step: 200/237, Train_Loss = 0.5903
02/28/2025 16:15:52 - INFO - __main__ -   epoch: 12, step: 236/237, loss: 0.5826, lr: 3.31e-05, oom: 0, time: 285s
02/28/2025 16:15:52 - INFO - __main__ -   -------start validation--------
02/28/2025 16:15:53 - INFO - __main__ -    0/30 , Val_Loss = 1.5659781694412231
02/28/2025 16:16:04 - INFO - __main__ -   Validation Loss = 1.5046110550562541
02/28/2025 16:16:04 - INFO - __main__ -   Current is Best Loss = 1.5046110550562541
02/28/2025 16:16:07 - INFO - __main__ -   ---------end validation--------
02/28/2025 16:16:07 - INFO - __main__ -     epoch = 13
02/28/2025 16:16:09 - INFO - __main__ -   Epoch: 13, Train_Step: 0/237, Train_Loss = 0.5378
02/28/2025 16:20:13 - INFO - __main__ -   Epoch: 13, Train_Step: 200/237, Train_Loss = 0.5234
02/28/2025 16:20:55 - INFO - __main__ -   epoch: 13, step: 236/237, loss: 0.5169, lr: 3.25e-05, oom: 0, time: 287s
02/28/2025 16:20:55 - INFO - __main__ -   -------start validation--------
02/28/2025 16:20:56 - INFO - __main__ -    0/30 , Val_Loss = 1.5956432819366455
02/28/2025 16:21:07 - INFO - __main__ -   Validation Loss = 1.5047371864318848
02/28/2025 16:21:07 - INFO - __main__ -   Current Not Best Loss, Current Loss = 1.5047371864318848, Best Loss is = 1.5046110550562541
02/28/2025 16:21:07 - INFO - __main__ -   ---------end validation--------
02/28/2025 16:21:07 - INFO - __main__ -     epoch = 14
02/28/2025 16:21:09 - INFO - __main__ -   Epoch: 14, Train_Step: 0/237, Train_Loss = 0.509
02/28/2025 16:25:09 - INFO - __main__ -   Epoch: 14, Train_Step: 200/237, Train_Loss = 0.4723
02/28/2025 16:25:53 - INFO - __main__ -   epoch: 14, step: 236/237, loss: 0.4667, lr: 3.2e-05, oom: 0, time: 286s
02/28/2025 16:25:53 - INFO - __main__ -   -------start validation--------
02/28/2025 16:25:55 - INFO - __main__ -    0/30 , Val_Loss = 1.6472618579864502
02/28/2025 16:26:06 - INFO - __main__ -   Validation Loss = 1.5237902363141378
02/28/2025 16:26:06 - INFO - __main__ -   Current Not Best Loss, Current Loss = 1.5237902363141378, Best Loss is = 1.5046110550562541
02/28/2025 16:26:06 - INFO - __main__ -   ---------end validation--------
02/28/2025 16:26:06 - INFO - __main__ -     epoch = 15
02/28/2025 16:26:09 - INFO - __main__ -   Epoch: 15, Train_Step: 0/237, Train_Loss = 0.4788
02/28/2025 16:30:11 - INFO - __main__ -   Epoch: 15, Train_Step: 200/237, Train_Loss = 0.4273
02/28/2025 16:30:54 - INFO - __main__ -   epoch: 15, step: 236/237, loss: 0.4221, lr: 3.15e-05, oom: 0, time: 288s
02/28/2025 16:30:54 - INFO - __main__ -   -------start validation--------
02/28/2025 16:30:56 - INFO - __main__ -    0/30 , Val_Loss = 1.6542786359786987
02/28/2025 16:31:07 - INFO - __main__ -   Validation Loss = 1.5270686984062194
02/28/2025 16:31:07 - INFO - __main__ -   Current Not Best Loss, Current Loss = 1.5270686984062194, Best Loss is = 1.5046110550562541
02/28/2025 16:31:07 - INFO - __main__ -   ---------end validation--------
02/28/2025 16:31:07 - INFO - __main__ -     epoch = 16
02/28/2025 16:31:09 - INFO - __main__ -   Epoch: 16, Train_Step: 0/237, Train_Loss = 0.3963
02/28/2025 16:35:11 - INFO - __main__ -   Epoch: 16, Train_Step: 200/237, Train_Loss = 0.3863
02/28/2025 16:35:55 - INFO - __main__ -   epoch: 16, step: 236/237, loss: 0.3818, lr: 3.09e-05, oom: 0, time: 288s
02/28/2025 16:35:55 - INFO - __main__ -   -------start validation--------
02/28/2025 16:35:56 - INFO - __main__ -    0/30 , Val_Loss = 1.6749540567398071
02/28/2025 16:36:07 - INFO - __main__ -   Validation Loss = 1.5392983436584473
02/28/2025 16:36:07 - INFO - __main__ -   Current Not Best Loss, Current Loss = 1.5392983436584473, Best Loss is = 1.5046110550562541
02/28/2025 16:36:07 - INFO - __main__ -   ---------end validation--------
02/28/2025 16:36:07 - INFO - __main__ -     epoch = 17
02/28/2025 16:36:09 - INFO - __main__ -   Epoch: 17, Train_Step: 0/237, Train_Loss = 0.3855
02/28/2025 16:40:11 - INFO - __main__ -   Epoch: 17, Train_Step: 200/237, Train_Loss = 0.3491
02/28/2025 16:40:53 - INFO - __main__ -   epoch: 17, step: 236/237, loss: 0.3453, lr: 3.04e-05, oom: 0, time: 286s
02/28/2025 16:40:53 - INFO - __main__ -   -------start validation--------
02/28/2025 16:40:55 - INFO - __main__ -    0/30 , Val_Loss = 1.6866395473480225
02/28/2025 16:41:06 - INFO - __main__ -   Validation Loss = 1.5377559900283813
02/28/2025 16:41:06 - INFO - __main__ -   Current Not Best Loss, Current Loss = 1.5377559900283813, Best Loss is = 1.5046110550562541
02/28/2025 16:41:06 - INFO - __main__ -   ---------end validation--------
02/28/2025 16:41:06 - INFO - __main__ -     epoch = 18
02/28/2025 16:41:08 - INFO - __main__ -   Epoch: 18, Train_Step: 0/237, Train_Loss = 0.3588
02/28/2025 16:45:11 - INFO - __main__ -   Epoch: 18, Train_Step: 200/237, Train_Loss = 0.318
02/28/2025 16:45:55 - INFO - __main__ -   epoch: 18, step: 236/237, loss: 0.3153, lr: 2.99e-05, oom: 0, time: 289s
02/28/2025 16:45:55 - INFO - __main__ -   -------start validation--------
02/28/2025 16:45:56 - INFO - __main__ -    0/30 , Val_Loss = 1.7019391059875488
02/28/2025 16:46:07 - INFO - __main__ -   Validation Loss = 1.5375084678332012
02/28/2025 16:46:07 - INFO - __main__ -   Current Not Best Loss, Current Loss = 1.5375084678332012, Best Loss is = 1.5046110550562541
02/28/2025 16:46:07 - INFO - __main__ -   ---------end validation--------
02/28/2025 16:46:07 - INFO - __main__ -     epoch = 19
02/28/2025 16:46:10 - INFO - __main__ -   Epoch: 19, Train_Step: 0/237, Train_Loss = 0.3244
02/28/2025 16:50:10 - INFO - __main__ -   Epoch: 19, Train_Step: 200/237, Train_Loss = 0.2897
02/28/2025 16:50:53 - INFO - __main__ -   epoch: 19, step: 236/237, loss: 0.2865, lr: 2.93e-05, oom: 0, time: 286s
02/28/2025 16:50:53 - INFO - __main__ -   -------start validation--------
02/28/2025 16:50:54 - INFO - __main__ -    0/30 , Val_Loss = 1.6981730461120605
02/28/2025 16:51:06 - INFO - __main__ -   Validation Loss = 1.5447642842928568
02/28/2025 16:51:06 - INFO - __main__ -   Current Not Best Loss, Current Loss = 1.5447642842928568, Best Loss is = 1.5046110550562541
02/28/2025 16:51:06 - INFO - __main__ -   ---------end validation--------
02/28/2025 16:51:06 - INFO - __main__ -     epoch = 20
02/28/2025 16:51:08 - INFO - __main__ -   Epoch: 20, Train_Step: 0/237, Train_Loss = 0.2955
02/28/2025 16:55:08 - INFO - __main__ -   Epoch: 20, Train_Step: 200/237, Train_Loss = 0.2628
02/28/2025 16:55:52 - INFO - __main__ -   epoch: 20, step: 236/237, loss: 0.2604, lr: 2.88e-05, oom: 0, time: 286s
02/28/2025 16:55:52 - INFO - __main__ -   -------start validation--------
02/28/2025 16:55:54 - INFO - __main__ -    0/30 , Val_Loss = 1.7118442058563232
02/28/2025 16:56:04 - INFO - __main__ -   Validation Loss = 1.5413803299268087
02/28/2025 16:56:04 - INFO - __main__ -   Current Not Best Loss, Current Loss = 1.5413803299268087, Best Loss is = 1.5046110550562541
02/28/2025 16:56:04 - INFO - __main__ -   ---------end validation--------
02/28/2025 16:56:04 - INFO - __main__ -     epoch = 21
02/28/2025 16:56:06 - INFO - __main__ -   Epoch: 21, Train_Step: 0/237, Train_Loss = 0.2514
02/28/2025 17:00:07 - INFO - __main__ -   Epoch: 21, Train_Step: 200/237, Train_Loss = 0.2401
02/28/2025 17:00:48 - INFO - __main__ -   epoch: 21, step: 236/237, loss: 0.2377, lr: 2.83e-05, oom: 0, time: 284s
02/28/2025 17:00:48 - INFO - __main__ -   -------start validation--------
02/28/2025 17:00:50 - INFO - __main__ -    0/30 , Val_Loss = 1.7416507005691528
02/28/2025 17:01:01 - INFO - __main__ -   Validation Loss = 1.558325719833374
02/28/2025 17:01:01 - INFO - __main__ -   Current Not Best Loss, Current Loss = 1.558325719833374, Best Loss is = 1.5046110550562541
02/28/2025 17:01:01 - INFO - __main__ -   ---------end validation--------
02/28/2025 17:01:01 - INFO - __main__ -     epoch = 22
02/28/2025 17:01:03 - INFO - __main__ -   Epoch: 22, Train_Step: 0/237, Train_Loss = 0.2348
02/28/2025 17:05:05 - INFO - __main__ -   Epoch: 22, Train_Step: 200/237, Train_Loss = 0.2194
02/28/2025 17:05:49 - INFO - __main__ -   epoch: 22, step: 236/237, loss: 0.217, lr: 2.77e-05, oom: 0, time: 288s
02/28/2025 17:05:49 - INFO - __main__ -   -------start validation--------
02/28/2025 17:05:50 - INFO - __main__ -    0/30 , Val_Loss = 1.7584747076034546
02/28/2025 17:06:01 - INFO - __main__ -   Validation Loss = 1.562940271695455
02/28/2025 17:06:01 - INFO - __main__ -   Current Not Best Loss, Current Loss = 1.562940271695455, Best Loss is = 1.5046110550562541
02/28/2025 17:06:01 - INFO - __main__ -   ---------end validation--------
02/28/2025 17:06:01 - INFO - __main__ -     epoch = 23
02/28/2025 17:06:03 - INFO - __main__ -   Epoch: 23, Train_Step: 0/237, Train_Loss = 0.2251
02/28/2025 17:10:02 - INFO - __main__ -   Epoch: 23, Train_Step: 200/237, Train_Loss = 0.1992
02/28/2025 17:10:44 - INFO - __main__ -   epoch: 23, step: 236/237, loss: 0.1975, lr: 2.72e-05, oom: 0, time: 283s
02/28/2025 17:10:44 - INFO - __main__ -   -------start validation--------
02/28/2025 17:10:46 - INFO - __main__ -    0/30 , Val_Loss = 1.8189623355865479
02/28/2025 17:10:56 - INFO - __main__ -   Validation Loss = 1.5949499448140463
02/28/2025 17:10:56 - INFO - __main__ -   Current Not Best Loss, Current Loss = 1.5949499448140463, Best Loss is = 1.5046110550562541
02/28/2025 17:10:56 - INFO - __main__ -   ---------end validation--------
02/28/2025 17:10:56 - INFO - __main__ -     epoch = 24
02/28/2025 17:10:58 - INFO - __main__ -   Epoch: 24, Train_Step: 0/237, Train_Loss = 0.2164
02/28/2025 17:14:59 - INFO - __main__ -   Epoch: 24, Train_Step: 200/237, Train_Loss = 0.1829
02/28/2025 17:15:43 - INFO - __main__ -   epoch: 24, step: 236/237, loss: 0.1811, lr: 2.67e-05, oom: 0, time: 286s
02/28/2025 17:15:43 - INFO - __main__ -   -------start validation--------
02/28/2025 17:15:45 - INFO - __main__ -    0/30 , Val_Loss = 1.8236280679702759
02/28/2025 17:15:55 - INFO - __main__ -   Validation Loss = 1.597020395596822
02/28/2025 17:15:55 - INFO - __main__ -   Current Not Best Loss, Current Loss = 1.597020395596822, Best Loss is = 1.5046110550562541
02/28/2025 17:15:55 - INFO - __main__ -   ---------end validation--------
02/28/2025 17:15:55 - INFO - __main__ -     epoch = 25
02/28/2025 17:15:58 - INFO - __main__ -   Epoch: 25, Train_Step: 0/237, Train_Loss = 0.1831
02/28/2025 17:19:57 - INFO - __main__ -   Epoch: 25, Train_Step: 200/237, Train_Loss = 0.1702
02/28/2025 17:20:42 - INFO - __main__ -   epoch: 25, step: 236/237, loss: 0.1687, lr: 2.61e-05, oom: 0, time: 286s
02/28/2025 17:20:42 - INFO - __main__ -   -------start validation--------
02/28/2025 17:20:43 - INFO - __main__ -    0/30 , Val_Loss = 1.8361213207244873
02/28/2025 17:20:54 - INFO - __main__ -   Validation Loss = 1.6054635802904764
02/28/2025 17:20:54 - INFO - __main__ -   Current Not Best Loss, Current Loss = 1.6054635802904764, Best Loss is = 1.5046110550562541
02/28/2025 17:20:54 - INFO - __main__ -   ---------end validation--------
02/28/2025 17:20:54 - INFO - __main__ -     epoch = 26
02/28/2025 17:20:56 - INFO - __main__ -   Epoch: 26, Train_Step: 0/237, Train_Loss = 0.2069
02/28/2025 17:25:01 - INFO - __main__ -   Epoch: 26, Train_Step: 200/237, Train_Loss = 0.1592
02/28/2025 17:25:43 - INFO - __main__ -   epoch: 26, step: 236/237, loss: 0.1574, lr: 2.56e-05, oom: 0, time: 288s
02/28/2025 17:25:43 - INFO - __main__ -   -------start validation--------
02/28/2025 17:25:44 - INFO - __main__ -    0/30 , Val_Loss = 1.8347922563552856
02/28/2025 17:25:55 - INFO - __main__ -   Validation Loss = 1.6128191471099853
02/28/2025 17:25:55 - INFO - __main__ -   Current Not Best Loss, Current Loss = 1.6128191471099853, Best Loss is = 1.5046110550562541
02/28/2025 17:25:55 - INFO - __main__ -   ---------end validation--------
02/28/2025 17:25:55 - INFO - __main__ -     epoch = 27
02/28/2025 17:25:58 - INFO - __main__ -   Epoch: 27, Train_Step: 0/237, Train_Loss = 0.1736
02/28/2025 17:30:02 - INFO - __main__ -   Epoch: 27, Train_Step: 200/237, Train_Loss = 0.1452
02/28/2025 17:30:44 - INFO - __main__ -   epoch: 27, step: 236/237, loss: 0.1441, lr: 2.51e-05, oom: 0, time: 288s
02/28/2025 17:30:44 - INFO - __main__ -   -------start validation--------
02/28/2025 17:30:45 - INFO - __main__ -    0/30 , Val_Loss = 1.8567252159118652
02/28/2025 17:30:56 - INFO - __main__ -   Validation Loss = 1.6466437657674153
02/28/2025 17:30:56 - INFO - __main__ -   Current Not Best Loss, Current Loss = 1.6466437657674153, Best Loss is = 1.5046110550562541
02/28/2025 17:30:56 - INFO - __main__ -   ---------end validation--------
02/28/2025 17:30:56 - INFO - __main__ -     epoch = 28
02/28/2025 17:30:59 - INFO - __main__ -   Epoch: 28, Train_Step: 0/237, Train_Loss = 0.1684
02/28/2025 17:34:30 - INFO - __main__ -   Epoch: 28, Train_Step: 200/237, Train_Loss = 0.1344
02/28/2025 17:35:02 - INFO - __main__ -   epoch: 28, step: 236/237, loss: 0.1324, lr: 2.45e-05, oom: 0, time: 246s
02/28/2025 17:35:02 - INFO - __main__ -   -------start validation--------
02/28/2025 17:35:04 - INFO - __main__ -    0/30 , Val_Loss = 1.8483686447143555
02/28/2025 17:35:12 - INFO - __main__ -   Validation Loss = 1.658506945768992
02/28/2025 17:35:12 - INFO - __main__ -   Current Not Best Loss, Current Loss = 1.658506945768992, Best Loss is = 1.5046110550562541
02/28/2025 17:35:12 - INFO - __main__ -   ---------end validation--------
02/28/2025 17:35:12 - INFO - __main__ -     epoch = 29
02/28/2025 17:35:14 - INFO - __main__ -   Epoch: 29, Train_Step: 0/237, Train_Loss = 0.1655
02/28/2025 17:38:10 - INFO - __main__ -   Epoch: 29, Train_Step: 200/237, Train_Loss = 0.1239
02/28/2025 17:38:42 - INFO - __main__ -   epoch: 29, step: 236/237, loss: 0.1225, lr: 2.4e-05, oom: 0, time: 209s
02/28/2025 17:38:42 - INFO - __main__ -   -------start validation--------
02/28/2025 17:38:43 - INFO - __main__ -    0/30 , Val_Loss = 1.874976396560669
02/28/2025 17:38:52 - INFO - __main__ -   Validation Loss = 1.640958054860433
02/28/2025 17:38:52 - INFO - __main__ -   Current Not Best Loss, Current Loss = 1.640958054860433, Best Loss is = 1.5046110550562541
02/28/2025 17:38:52 - INFO - __main__ -   ---------end validation--------
02/28/2025 17:38:52 - INFO - __main__ -     epoch = 30
02/28/2025 17:38:54 - INFO - __main__ -   Epoch: 30, Train_Step: 0/237, Train_Loss = 0.1329
02/28/2025 17:41:50 - INFO - __main__ -   Epoch: 30, Train_Step: 200/237, Train_Loss = 0.1144
02/28/2025 17:42:21 - INFO - __main__ -   epoch: 30, step: 236/237, loss: 0.1131, lr: 2.35e-05, oom: 0, time: 208s
02/28/2025 17:42:21 - INFO - __main__ -   -------start validation--------
02/28/2025 17:42:22 - INFO - __main__ -    0/30 , Val_Loss = 1.8620920181274414
02/28/2025 17:42:31 - INFO - __main__ -   Validation Loss = 1.649163007736206
02/28/2025 17:42:31 - INFO - __main__ -   Current Not Best Loss, Current Loss = 1.649163007736206, Best Loss is = 1.5046110550562541
02/28/2025 17:42:31 - INFO - __main__ -   ---------end validation--------
02/28/2025 17:42:31 - INFO - __main__ -     epoch = 31
02/28/2025 17:42:33 - INFO - __main__ -   Epoch: 31, Train_Step: 0/237, Train_Loss = 0.1182
02/28/2025 17:45:29 - INFO - __main__ -   Epoch: 31, Train_Step: 200/237, Train_Loss = 0.1045
02/28/2025 17:46:00 - INFO - __main__ -   epoch: 31, step: 236/237, loss: 0.1038, lr: 2.29e-05, oom: 0, time: 209s
02/28/2025 17:46:00 - INFO - __main__ -   -------start validation--------
02/28/2025 17:46:02 - INFO - __main__ -    0/30 , Val_Loss = 1.8859070539474487
02/28/2025 17:46:10 - INFO - __main__ -   Validation Loss = 1.657057531674703
02/28/2025 17:46:10 - INFO - __main__ -   Current Not Best Loss, Current Loss = 1.657057531674703, Best Loss is = 1.5046110550562541
02/28/2025 17:46:10 - INFO - __main__ -   ---------end validation--------
02/28/2025 17:46:10 - INFO - __main__ -     epoch = 32
02/28/2025 17:46:12 - INFO - __main__ -   Epoch: 32, Train_Step: 0/237, Train_Loss = 0.1247
02/28/2025 17:49:08 - INFO - __main__ -   Epoch: 32, Train_Step: 200/237, Train_Loss = 0.0979
02/28/2025 17:49:40 - INFO - __main__ -   epoch: 32, step: 236/237, loss: 0.0967, lr: 2.24e-05, oom: 0, time: 209s
02/28/2025 17:49:40 - INFO - __main__ -   -------start validation--------
02/28/2025 17:49:41 - INFO - __main__ -    0/30 , Val_Loss = 1.9129142761230469
02/28/2025 17:49:50 - INFO - __main__ -   Validation Loss = 1.6785694201787313
02/28/2025 17:49:50 - INFO - __main__ -   Current Not Best Loss, Current Loss = 1.6785694201787313, Best Loss is = 1.5046110550562541
02/28/2025 17:49:50 - INFO - __main__ -   ---------end validation--------
02/28/2025 17:49:50 - INFO - __main__ -     epoch = 33
02/28/2025 17:49:52 - INFO - __main__ -   Epoch: 33, Train_Step: 0/237, Train_Loss = 0.1052
02/28/2025 17:52:48 - INFO - __main__ -   Epoch: 33, Train_Step: 200/237, Train_Loss = 0.0918
02/28/2025 17:53:19 - INFO - __main__ -   epoch: 33, step: 236/237, loss: 0.0915, lr: 2.19e-05, oom: 0, time: 209s
02/28/2025 17:53:19 - INFO - __main__ -   -------start validation--------
02/28/2025 17:53:21 - INFO - __main__ -    0/30 , Val_Loss = 1.9023982286453247
02/28/2025 17:53:29 - INFO - __main__ -   Validation Loss = 1.6838003079096475
02/28/2025 17:53:29 - INFO - __main__ -   Current Not Best Loss, Current Loss = 1.6838003079096475, Best Loss is = 1.5046110550562541
02/28/2025 17:53:29 - INFO - __main__ -   ---------end validation--------
02/28/2025 17:53:29 - INFO - __main__ -     epoch = 34
02/28/2025 17:53:31 - INFO - __main__ -   Epoch: 34, Train_Step: 0/237, Train_Loss = 0.1158
02/28/2025 17:56:27 - INFO - __main__ -   Epoch: 34, Train_Step: 200/237, Train_Loss = 0.087
02/28/2025 17:56:59 - INFO - __main__ -   epoch: 34, step: 236/237, loss: 0.0869, lr: 2.13e-05, oom: 0, time: 209s
02/28/2025 17:56:59 - INFO - __main__ -   -------start validation--------
02/28/2025 17:57:00 - INFO - __main__ -    0/30 , Val_Loss = 1.922515630722046
02/28/2025 17:57:09 - INFO - __main__ -   Validation Loss = 1.6863749066988627
02/28/2025 17:57:09 - INFO - __main__ -   Current Not Best Loss, Current Loss = 1.6863749066988627, Best Loss is = 1.5046110550562541
02/28/2025 17:57:09 - INFO - __main__ -   ---------end validation--------
02/28/2025 17:57:09 - INFO - __main__ -     epoch = 35
02/28/2025 17:57:11 - INFO - __main__ -   Epoch: 35, Train_Step: 0/237, Train_Loss = 0.1224
02/28/2025 18:00:07 - INFO - __main__ -   Epoch: 35, Train_Step: 200/237, Train_Loss = 0.081
02/28/2025 18:00:38 - INFO - __main__ -   epoch: 35, step: 236/237, loss: 0.0807, lr: 2.08e-05, oom: 0, time: 209s
02/28/2025 18:00:38 - INFO - __main__ -   -------start validation--------
02/28/2025 18:00:40 - INFO - __main__ -    0/30 , Val_Loss = 1.9685642719268799
02/28/2025 18:00:49 - INFO - __main__ -   Validation Loss = 1.6997511863708497
02/28/2025 18:00:49 - INFO - __main__ -   Current Not Best Loss, Current Loss = 1.6997511863708497, Best Loss is = 1.5046110550562541
02/28/2025 18:00:49 - INFO - __main__ -   ---------end validation--------
02/28/2025 18:00:49 - INFO - __main__ -     epoch = 36
02/28/2025 18:00:51 - INFO - __main__ -   Epoch: 36, Train_Step: 0/237, Train_Loss = 0.1003
02/28/2025 18:03:46 - INFO - __main__ -   Epoch: 36, Train_Step: 200/237, Train_Loss = 0.0771
02/28/2025 18:04:18 - INFO - __main__ -   epoch: 36, step: 236/237, loss: 0.0765, lr: 2.03e-05, oom: 0, time: 209s
02/28/2025 18:04:18 - INFO - __main__ -   -------start validation--------
02/28/2025 18:04:19 - INFO - __main__ -    0/30 , Val_Loss = 1.9566222429275513
02/28/2025 18:04:28 - INFO - __main__ -   Validation Loss = 1.7059980154037475
02/28/2025 18:04:28 - INFO - __main__ -   Current Not Best Loss, Current Loss = 1.7059980154037475, Best Loss is = 1.5046110550562541
02/28/2025 18:04:28 - INFO - __main__ -   ---------end validation--------
02/28/2025 18:04:28 - INFO - __main__ -     epoch = 37
02/28/2025 18:04:30 - INFO - __main__ -   Epoch: 37, Train_Step: 0/237, Train_Loss = 0.1063
02/28/2025 18:07:27 - INFO - __main__ -   Epoch: 37, Train_Step: 200/237, Train_Loss = 0.0726
02/28/2025 18:07:58 - INFO - __main__ -   epoch: 37, step: 236/237, loss: 0.0717, lr: 1.97e-05, oom: 0, time: 210s
02/28/2025 18:07:58 - INFO - __main__ -   -------start validation--------
02/28/2025 18:08:00 - INFO - __main__ -    0/30 , Val_Loss = 1.966617226600647
02/28/2025 18:08:08 - INFO - __main__ -   Validation Loss = 1.7097790320714314
02/28/2025 18:08:08 - INFO - __main__ -   Current Not Best Loss, Current Loss = 1.7097790320714314, Best Loss is = 1.5046110550562541
02/28/2025 18:08:08 - INFO - __main__ -   ---------end validation--------
02/28/2025 18:08:08 - INFO - __main__ -     epoch = 38
02/28/2025 18:08:10 - INFO - __main__ -   Epoch: 38, Train_Step: 0/237, Train_Loss = 0.0877
02/28/2025 18:11:06 - INFO - __main__ -   Epoch: 38, Train_Step: 200/237, Train_Loss = 0.0693
02/28/2025 18:11:38 - INFO - __main__ -   epoch: 38, step: 236/237, loss: 0.0686, lr: 1.92e-05, oom: 0, time: 209s
02/28/2025 18:11:38 - INFO - __main__ -   -------start validation--------
02/28/2025 18:11:39 - INFO - __main__ -    0/30 , Val_Loss = 1.9996461868286133
02/28/2025 18:11:48 - INFO - __main__ -   Validation Loss = 1.730559770266215
02/28/2025 18:11:48 - INFO - __main__ -   Current Not Best Loss, Current Loss = 1.730559770266215, Best Loss is = 1.5046110550562541
02/28/2025 18:11:48 - INFO - __main__ -   ---------end validation--------
02/28/2025 18:11:48 - INFO - __main__ -     epoch = 39
02/28/2025 18:11:50 - INFO - __main__ -   Epoch: 39, Train_Step: 0/237, Train_Loss = 0.0749
02/28/2025 18:14:46 - INFO - __main__ -   Epoch: 39, Train_Step: 200/237, Train_Loss = 0.0647
02/28/2025 18:15:17 - INFO - __main__ -   epoch: 39, step: 236/237, loss: 0.0637, lr: 1.87e-05, oom: 0, time: 209s
02/28/2025 18:15:17 - INFO - __main__ -   -------start validation--------
02/28/2025 18:15:19 - INFO - __main__ -    0/30 , Val_Loss = 2.01629900932312
02/28/2025 18:15:28 - INFO - __main__ -   Validation Loss = 1.741639006137848
02/28/2025 18:15:28 - INFO - __main__ -   Current Not Best Loss, Current Loss = 1.741639006137848, Best Loss is = 1.5046110550562541
02/28/2025 18:15:28 - INFO - __main__ -   ---------end validation--------
02/28/2025 18:15:28 - INFO - __main__ -     epoch = 40
02/28/2025 18:15:30 - INFO - __main__ -   Epoch: 40, Train_Step: 0/237, Train_Loss = 0.0666
02/28/2025 18:18:25 - INFO - __main__ -   Epoch: 40, Train_Step: 200/237, Train_Loss = 0.0634
02/28/2025 18:18:57 - INFO - __main__ -   epoch: 40, step: 236/237, loss: 0.0631, lr: 1.81e-05, oom: 0, time: 208s
02/28/2025 18:18:57 - INFO - __main__ -   -------start validation--------
02/28/2025 18:18:58 - INFO - __main__ -    0/30 , Val_Loss = 2.0280349254608154
02/28/2025 18:19:07 - INFO - __main__ -   Validation Loss = 1.7553724328676859
02/28/2025 18:19:07 - INFO - __main__ -   Current Not Best Loss, Current Loss = 1.7553724328676859, Best Loss is = 1.5046110550562541
02/28/2025 18:19:07 - INFO - __main__ -   ---------end validation--------
02/28/2025 18:19:07 - INFO - __main__ -     epoch = 41
02/28/2025 18:19:09 - INFO - __main__ -   Epoch: 41, Train_Step: 0/237, Train_Loss = 0.0882
02/28/2025 18:22:05 - INFO - __main__ -   Epoch: 41, Train_Step: 200/237, Train_Loss = 0.0596
02/28/2025 18:22:36 - INFO - __main__ -   epoch: 41, step: 236/237, loss: 0.059, lr: 1.76e-05, oom: 0, time: 209s
02/28/2025 18:22:36 - INFO - __main__ -   -------start validation--------
02/28/2025 18:22:37 - INFO - __main__ -    0/30 , Val_Loss = 2.0384199619293213
02/28/2025 18:22:46 - INFO - __main__ -   Validation Loss = 1.7515553474426269
02/28/2025 18:22:46 - INFO - __main__ -   Current Not Best Loss, Current Loss = 1.7515553474426269, Best Loss is = 1.5046110550562541
02/28/2025 18:22:46 - INFO - __main__ -   ---------end validation--------
02/28/2025 18:22:46 - INFO - __main__ -     epoch = 42
02/28/2025 18:22:48 - INFO - __main__ -   Epoch: 42, Train_Step: 0/237, Train_Loss = 0.0696
02/28/2025 18:25:44 - INFO - __main__ -   Epoch: 42, Train_Step: 200/237, Train_Loss = 0.0576
02/28/2025 18:26:15 - INFO - __main__ -   epoch: 42, step: 236/237, loss: 0.0572, lr: 1.71e-05, oom: 0, time: 209s
02/28/2025 18:26:15 - INFO - __main__ -   -------start validation--------
02/28/2025 18:26:17 - INFO - __main__ -    0/30 , Val_Loss = 2.0303573608398438
02/28/2025 18:26:25 - INFO - __main__ -   Validation Loss = 1.7573298215866089
02/28/2025 18:26:25 - INFO - __main__ -   Current Not Best Loss, Current Loss = 1.7573298215866089, Best Loss is = 1.5046110550562541
02/28/2025 18:26:25 - INFO - __main__ -   ---------end validation--------
02/28/2025 18:26:25 - INFO - __main__ -     epoch = 43
02/28/2025 18:26:27 - INFO - __main__ -   Epoch: 43, Train_Step: 0/237, Train_Loss = 0.0777
02/28/2025 18:29:23 - INFO - __main__ -   Epoch: 43, Train_Step: 200/237, Train_Loss = 0.0539
02/28/2025 18:29:54 - INFO - __main__ -   epoch: 43, step: 236/237, loss: 0.0533, lr: 1.65e-05, oom: 0, time: 208s
02/28/2025 18:29:54 - INFO - __main__ -   -------start validation--------
02/28/2025 18:29:56 - INFO - __main__ -    0/30 , Val_Loss = 2.032925605773926
02/28/2025 18:30:04 - INFO - __main__ -   Validation Loss = 1.7632755955060324
02/28/2025 18:30:04 - INFO - __main__ -   Current Not Best Loss, Current Loss = 1.7632755955060324, Best Loss is = 1.5046110550562541
02/28/2025 18:30:04 - INFO - __main__ -   ---------end validation--------
02/28/2025 18:30:04 - INFO - __main__ -     epoch = 44
02/28/2025 18:30:07 - INFO - __main__ -   Epoch: 44, Train_Step: 0/237, Train_Loss = 0.056
02/28/2025 18:33:02 - INFO - __main__ -   Epoch: 44, Train_Step: 200/237, Train_Loss = 0.0516
02/28/2025 18:33:33 - INFO - __main__ -   epoch: 44, step: 236/237, loss: 0.0513, lr: 1.6e-05, oom: 0, time: 208s
02/28/2025 18:33:33 - INFO - __main__ -   -------start validation--------
02/28/2025 18:33:34 - INFO - __main__ -    0/30 , Val_Loss = 2.0331504344940186
02/28/2025 18:33:43 - INFO - __main__ -   Validation Loss = 1.7682958364486694
02/28/2025 18:33:43 - INFO - __main__ -   Current Not Best Loss, Current Loss = 1.7682958364486694, Best Loss is = 1.5046110550562541
02/28/2025 18:33:43 - INFO - __main__ -   ---------end validation--------
02/28/2025 18:33:43 - INFO - __main__ -     epoch = 45
02/28/2025 18:33:45 - INFO - __main__ -   Epoch: 45, Train_Step: 0/237, Train_Loss = 0.0567
02/28/2025 18:36:41 - INFO - __main__ -   Epoch: 45, Train_Step: 200/237, Train_Loss = 0.0499
02/28/2025 18:37:13 - INFO - __main__ -   epoch: 45, step: 236/237, loss: 0.0493, lr: 1.55e-05, oom: 0, time: 209s
02/28/2025 18:37:13 - INFO - __main__ -   -------start validation--------
02/28/2025 18:37:14 - INFO - __main__ -    0/30 , Val_Loss = 2.039701461791992
02/28/2025 18:37:23 - INFO - __main__ -   Validation Loss = 1.7840940833091736
02/28/2025 18:37:23 - INFO - __main__ -   Current Not Best Loss, Current Loss = 1.7840940833091736, Best Loss is = 1.5046110550562541
02/28/2025 18:37:23 - INFO - __main__ -   ---------end validation--------
02/28/2025 18:37:23 - INFO - __main__ -     epoch = 46
02/28/2025 18:37:25 - INFO - __main__ -   Epoch: 46, Train_Step: 0/237, Train_Loss = 0.0643
02/28/2025 18:40:20 - INFO - __main__ -   Epoch: 46, Train_Step: 200/237, Train_Loss = 0.0467
02/28/2025 18:40:52 - INFO - __main__ -   epoch: 46, step: 236/237, loss: 0.0465, lr: 1.49e-05, oom: 0, time: 209s
02/28/2025 18:40:52 - INFO - __main__ -   -------start validation--------
02/28/2025 18:40:53 - INFO - __main__ -    0/30 , Val_Loss = 2.0263020992279053
02/28/2025 18:41:02 - INFO - __main__ -   Validation Loss = 1.7684803009033203
02/28/2025 18:41:02 - INFO - __main__ -   Current Not Best Loss, Current Loss = 1.7684803009033203, Best Loss is = 1.5046110550562541
02/28/2025 18:41:02 - INFO - __main__ -   ---------end validation--------
02/28/2025 18:41:02 - INFO - __main__ -     epoch = 47
02/28/2025 18:41:04 - INFO - __main__ -   Epoch: 47, Train_Step: 0/237, Train_Loss = 0.0587
02/28/2025 18:43:59 - INFO - __main__ -   Epoch: 47, Train_Step: 200/237, Train_Loss = 0.0459
02/28/2025 18:44:31 - INFO - __main__ -   epoch: 47, step: 236/237, loss: 0.0455, lr: 1.44e-05, oom: 0, time: 208s
02/28/2025 18:44:31 - INFO - __main__ -   -------start validation--------
02/28/2025 18:44:32 - INFO - __main__ -    0/30 , Val_Loss = 2.0747222900390625
02/28/2025 18:44:41 - INFO - __main__ -   Validation Loss = 1.795682136217753
02/28/2025 18:44:41 - INFO - __main__ -   Current Not Best Loss, Current Loss = 1.795682136217753, Best Loss is = 1.5046110550562541
02/28/2025 18:44:41 - INFO - __main__ -   ---------end validation--------
02/28/2025 18:44:41 - INFO - __main__ -     epoch = 48
02/28/2025 18:44:43 - INFO - __main__ -   Epoch: 48, Train_Step: 0/237, Train_Loss = 0.0762
02/28/2025 18:47:41 - INFO - __main__ -   Epoch: 48, Train_Step: 200/237, Train_Loss = 0.045
02/28/2025 18:48:13 - INFO - __main__ -   epoch: 48, step: 236/237, loss: 0.0446, lr: 1.39e-05, oom: 0, time: 211s
02/28/2025 18:48:13 - INFO - __main__ -   -------start validation--------
02/28/2025 18:48:14 - INFO - __main__ -    0/30 , Val_Loss = 2.0858070850372314
02/28/2025 18:48:23 - INFO - __main__ -   Validation Loss = 1.7898680528004964
02/28/2025 18:48:23 - INFO - __main__ -   Current Not Best Loss, Current Loss = 1.7898680528004964, Best Loss is = 1.5046110550562541
02/28/2025 18:48:23 - INFO - __main__ -   ---------end validation--------
02/28/2025 18:48:23 - INFO - __main__ -     epoch = 49
02/28/2025 18:48:25 - INFO - __main__ -   Epoch: 49, Train_Step: 0/237, Train_Loss = 0.0698
02/28/2025 18:51:25 - INFO - __main__ -   Epoch: 49, Train_Step: 200/237, Train_Loss = 0.0431
02/28/2025 18:51:57 - INFO - __main__ -   epoch: 49, step: 236/237, loss: 0.0423, lr: 1.33e-05, oom: 0, time: 214s
02/28/2025 18:51:57 - INFO - __main__ -   -------start validation--------
02/28/2025 18:51:58 - INFO - __main__ -    0/30 , Val_Loss = 2.090946912765503
02/28/2025 18:52:07 - INFO - __main__ -   Validation Loss = 1.8035545786221823
02/28/2025 18:52:07 - INFO - __main__ -   Current Not Best Loss, Current Loss = 1.8035545786221823, Best Loss is = 1.5046110550562541
02/28/2025 18:52:07 - INFO - __main__ -   ---------end validation--------
02/28/2025 18:52:07 - INFO - __main__ -     epoch = 50
02/28/2025 18:52:09 - INFO - __main__ -   Epoch: 50, Train_Step: 0/237, Train_Loss = 0.0544
02/28/2025 18:55:10 - INFO - __main__ -   Epoch: 50, Train_Step: 200/237, Train_Loss = 0.0397
02/28/2025 18:55:42 - INFO - __main__ -   epoch: 50, step: 236/237, loss: 0.0394, lr: 1.28e-05, oom: 0, time: 215s
02/28/2025 18:55:42 - INFO - __main__ -   -------start validation--------
02/28/2025 18:55:43 - INFO - __main__ -    0/30 , Val_Loss = 2.0806353092193604
02/28/2025 18:55:52 - INFO - __main__ -   Validation Loss = 1.8041359941164652
02/28/2025 18:55:52 - INFO - __main__ -   Current Not Best Loss, Current Loss = 1.8041359941164652, Best Loss is = 1.5046110550562541
02/28/2025 18:55:52 - INFO - __main__ -   ---------end validation--------
02/28/2025 18:55:52 - INFO - __main__ -     epoch = 51
02/28/2025 18:55:54 - INFO - __main__ -   Epoch: 51, Train_Step: 0/237, Train_Loss = 0.0518
02/28/2025 18:58:51 - INFO - __main__ -   Epoch: 51, Train_Step: 200/237, Train_Loss = 0.0386
02/28/2025 18:59:23 - INFO - __main__ -   epoch: 51, step: 236/237, loss: 0.0382, lr: 1.23e-05, oom: 0, time: 210s
02/28/2025 18:59:23 - INFO - __main__ -   -------start validation--------
02/28/2025 18:59:24 - INFO - __main__ -    0/30 , Val_Loss = 2.10302996635437
02/28/2025 18:59:33 - INFO - __main__ -   Validation Loss = 1.8163838624954223
02/28/2025 18:59:33 - INFO - __main__ -   Current Not Best Loss, Current Loss = 1.8163838624954223, Best Loss is = 1.5046110550562541
02/28/2025 18:59:33 - INFO - __main__ -   ---------end validation--------
02/28/2025 18:59:33 - INFO - __main__ -     epoch = 52
02/28/2025 18:59:35 - INFO - __main__ -   Epoch: 52, Train_Step: 0/237, Train_Loss = 0.0619
02/28/2025 19:02:31 - INFO - __main__ -   Epoch: 52, Train_Step: 200/237, Train_Loss = 0.0382
02/28/2025 19:03:03 - INFO - __main__ -   epoch: 52, step: 236/237, loss: 0.0377, lr: 1.17e-05, oom: 0, time: 209s
02/28/2025 19:03:03 - INFO - __main__ -   -------start validation--------
02/28/2025 19:03:04 - INFO - __main__ -    0/30 , Val_Loss = 2.1503522396087646
02/28/2025 19:03:13 - INFO - __main__ -   Validation Loss = 1.8326165040334066
02/28/2025 19:03:13 - INFO - __main__ -   Current Not Best Loss, Current Loss = 1.8326165040334066, Best Loss is = 1.5046110550562541
02/28/2025 19:03:13 - INFO - __main__ -   ---------end validation--------
02/28/2025 19:03:13 - INFO - __main__ -     epoch = 53
02/28/2025 19:03:15 - INFO - __main__ -   Epoch: 53, Train_Step: 0/237, Train_Loss = 0.0562
02/28/2025 19:06:11 - INFO - __main__ -   Epoch: 53, Train_Step: 200/237, Train_Loss = 0.0356
02/28/2025 19:06:42 - INFO - __main__ -   epoch: 53, step: 236/237, loss: 0.0352, lr: 1.12e-05, oom: 0, time: 209s
02/28/2025 19:06:42 - INFO - __main__ -   -------start validation--------
02/28/2025 19:06:44 - INFO - __main__ -    0/30 , Val_Loss = 2.127793312072754
02/28/2025 19:06:53 - INFO - __main__ -   Validation Loss = 1.837717386086782
02/28/2025 19:06:53 - INFO - __main__ -   Current Not Best Loss, Current Loss = 1.837717386086782, Best Loss is = 1.5046110550562541
02/28/2025 19:06:53 - INFO - __main__ -   ---------end validation--------
02/28/2025 19:06:53 - INFO - __main__ -     epoch = 54
02/28/2025 19:06:54 - INFO - __main__ -   Epoch: 54, Train_Step: 0/237, Train_Loss = 0.0318
02/28/2025 19:09:50 - INFO - __main__ -   Epoch: 54, Train_Step: 200/237, Train_Loss = 0.0349
02/28/2025 19:10:21 - INFO - __main__ -   epoch: 54, step: 236/237, loss: 0.0347, lr: 1.07e-05, oom: 0, time: 208s
02/28/2025 19:10:21 - INFO - __main__ -   -------start validation--------
02/28/2025 19:10:23 - INFO - __main__ -    0/30 , Val_Loss = 2.0878326892852783
02/28/2025 19:10:31 - INFO - __main__ -   Validation Loss = 1.8226956208546956
02/28/2025 19:10:31 - INFO - __main__ -   Current Not Best Loss, Current Loss = 1.8226956208546956, Best Loss is = 1.5046110550562541
02/28/2025 19:10:31 - INFO - __main__ -   ---------end validation--------
02/28/2025 19:10:31 - INFO - __main__ -     epoch = 55
02/28/2025 19:10:34 - INFO - __main__ -   Epoch: 55, Train_Step: 0/237, Train_Loss = 0.0363
02/28/2025 19:18:14 - INFO - __main__ -   Epoch: 55, Train_Step: 200/237, Train_Loss = 0.0333
02/28/2025 19:19:42 - INFO - __main__ -   epoch: 55, step: 236/237, loss: 0.033, lr: 1.01e-05, oom: 0, time: 550s
02/28/2025 19:19:42 - INFO - __main__ -   -------start validation--------
02/28/2025 19:19:43 - INFO - __main__ -    0/30 , Val_Loss = 2.1355228424072266
02/28/2025 19:19:52 - INFO - __main__ -   Validation Loss = 1.8464038292566936
02/28/2025 19:19:52 - INFO - __main__ -   Current Not Best Loss, Current Loss = 1.8464038292566936, Best Loss is = 1.5046110550562541
02/28/2025 19:19:52 - INFO - __main__ -   ---------end validation--------
02/28/2025 19:19:52 - INFO - __main__ -     epoch = 56
02/28/2025 19:19:54 - INFO - __main__ -   Epoch: 56, Train_Step: 0/237, Train_Loss = 0.0476
02/28/2025 19:22:50 - INFO - __main__ -   Epoch: 56, Train_Step: 200/237, Train_Loss = 0.0327
02/28/2025 19:23:21 - INFO - __main__ -   epoch: 56, step: 236/237, loss: 0.0323, lr: 9.6e-06, oom: 0, time: 208s
02/28/2025 19:23:21 - INFO - __main__ -   -------start validation--------
02/28/2025 19:23:22 - INFO - __main__ -    0/30 , Val_Loss = 2.1226446628570557
02/28/2025 19:23:31 - INFO - __main__ -   Validation Loss = 1.8357364137967427
02/28/2025 19:23:31 - INFO - __main__ -   Current Not Best Loss, Current Loss = 1.8357364137967427, Best Loss is = 1.5046110550562541
02/28/2025 19:23:31 - INFO - __main__ -   ---------end validation--------
02/28/2025 19:23:31 - INFO - __main__ -     epoch = 57
02/28/2025 19:23:33 - INFO - __main__ -   Epoch: 57, Train_Step: 0/237, Train_Loss = 0.0418
02/28/2025 19:26:28 - INFO - __main__ -   Epoch: 57, Train_Step: 200/237, Train_Loss = 0.0311
02/28/2025 19:27:00 - INFO - __main__ -   epoch: 57, step: 236/237, loss: 0.0309, lr: 9.1e-06, oom: 0, time: 209s
02/28/2025 19:27:00 - INFO - __main__ -   -------start validation--------
02/28/2025 19:27:01 - INFO - __main__ -    0/30 , Val_Loss = 2.12796950340271
02/28/2025 19:27:10 - INFO - __main__ -   Validation Loss = 1.8400901476542155
02/28/2025 19:27:10 - INFO - __main__ -   Current Not Best Loss, Current Loss = 1.8400901476542155, Best Loss is = 1.5046110550562541
02/28/2025 19:27:10 - INFO - __main__ -   ---------end validation--------
02/28/2025 19:27:10 - INFO - __main__ -     epoch = 58
02/28/2025 19:27:12 - INFO - __main__ -   Epoch: 58, Train_Step: 0/237, Train_Loss = 0.0314
02/28/2025 19:30:07 - INFO - __main__ -   Epoch: 58, Train_Step: 200/237, Train_Loss = 0.0304
02/28/2025 19:30:39 - INFO - __main__ -   epoch: 58, step: 236/237, loss: 0.03, lr: 8.5e-06, oom: 0, time: 209s
02/28/2025 19:30:39 - INFO - __main__ -   -------start validation--------
02/28/2025 19:30:40 - INFO - __main__ -    0/30 , Val_Loss = 2.1435232162475586
02/28/2025 19:30:49 - INFO - __main__ -   Validation Loss = 1.852574594815572
02/28/2025 19:30:49 - INFO - __main__ -   Current Not Best Loss, Current Loss = 1.852574594815572, Best Loss is = 1.5046110550562541
02/28/2025 19:30:49 - INFO - __main__ -   ---------end validation--------
02/28/2025 19:30:49 - INFO - __main__ -     epoch = 59
02/28/2025 19:30:51 - INFO - __main__ -   Epoch: 59, Train_Step: 0/237, Train_Loss = 0.0316
02/28/2025 19:33:47 - INFO - __main__ -   Epoch: 59, Train_Step: 200/237, Train_Loss = 0.0294
02/28/2025 19:34:18 - INFO - __main__ -   epoch: 59, step: 236/237, loss: 0.0289, lr: 8e-06, oom: 0, time: 208s
02/28/2025 19:34:18 - INFO - __main__ -   -------start validation--------
02/28/2025 19:34:20 - INFO - __main__ -    0/30 , Val_Loss = 2.130197048187256
02/28/2025 19:34:29 - INFO - __main__ -   Validation Loss = 1.8518810629844666
02/28/2025 19:34:29 - INFO - __main__ -   Current Not Best Loss, Current Loss = 1.8518810629844666, Best Loss is = 1.5046110550562541
02/28/2025 19:34:29 - INFO - __main__ -   ---------end validation--------
02/28/2025 19:34:29 - INFO - __main__ -     epoch = 60
02/28/2025 19:34:30 - INFO - __main__ -   Epoch: 60, Train_Step: 0/237, Train_Loss = 0.0317
02/28/2025 19:37:26 - INFO - __main__ -   Epoch: 60, Train_Step: 200/237, Train_Loss = 0.0282
02/28/2025 19:37:58 - INFO - __main__ -   epoch: 60, step: 236/237, loss: 0.028, lr: 7.5e-06, oom: 0, time: 209s
02/28/2025 19:37:58 - INFO - __main__ -   -------start validation--------
02/28/2025 19:37:59 - INFO - __main__ -    0/30 , Val_Loss = 2.1481947898864746
02/28/2025 19:38:08 - INFO - __main__ -   Validation Loss = 1.8708539048830668
02/28/2025 19:38:08 - INFO - __main__ -   Current Not Best Loss, Current Loss = 1.8708539048830668, Best Loss is = 1.5046110550562541
02/28/2025 19:38:08 - INFO - __main__ -   ---------end validation--------
02/28/2025 19:38:08 - INFO - __main__ -     epoch = 61
02/28/2025 19:38:10 - INFO - __main__ -   Epoch: 61, Train_Step: 0/237, Train_Loss = 0.0318
02/28/2025 19:41:06 - INFO - __main__ -   Epoch: 61, Train_Step: 200/237, Train_Loss = 0.0269
02/28/2025 19:41:40 - INFO - __main__ -   epoch: 61, step: 236/237, loss: 0.0264, lr: 6.9e-06, oom: 0, time: 212s
02/28/2025 19:41:40 - INFO - __main__ -   -------start validation--------
02/28/2025 19:41:41 - INFO - __main__ -    0/30 , Val_Loss = 2.1306264400482178
02/28/2025 19:42:14 - INFO - __main__ -   Validation Loss = 1.864607850710551
02/28/2025 19:42:14 - INFO - __main__ -   Current Not Best Loss, Current Loss = 1.864607850710551, Best Loss is = 1.5046110550562541
02/28/2025 19:42:14 - INFO - __main__ -   ---------end validation--------
02/28/2025 19:42:14 - INFO - __main__ -     epoch = 62
02/28/2025 19:42:19 - INFO - __main__ -   Epoch: 62, Train_Step: 0/237, Train_Loss = 0.0376
02/28/2025 19:52:51 - INFO - __main__ -   Epoch: 62, Train_Step: 200/237, Train_Loss = 0.0266
02/28/2025 19:54:43 - INFO - __main__ -   epoch: 62, step: 236/237, loss: 0.0263, lr: 6.4e-06, oom: 0, time: 749s
02/28/2025 19:54:43 - INFO - __main__ -   -------start validation--------
02/28/2025 19:54:45 - INFO - __main__ -    0/30 , Val_Loss = 2.1496710777282715
02/28/2025 19:55:14 - INFO - __main__ -   Validation Loss = 1.8696174184481302
02/28/2025 19:55:14 - INFO - __main__ -   Current Not Best Loss, Current Loss = 1.8696174184481302, Best Loss is = 1.5046110550562541
02/28/2025 19:55:14 - INFO - __main__ -   ---------end validation--------
02/28/2025 19:55:14 - INFO - __main__ -     epoch = 63
02/28/2025 19:55:18 - INFO - __main__ -   Epoch: 63, Train_Step: 0/237, Train_Loss = 0.0254
02/28/2025 20:04:19 - INFO - __main__ -   Epoch: 63, Train_Step: 200/237, Train_Loss = 0.0264
02/28/2025 20:04:50 - INFO - __main__ -   epoch: 63, step: 236/237, loss: 0.0261, lr: 5.9e-06, oom: 0, time: 576s
02/28/2025 20:04:50 - INFO - __main__ -   -------start validation--------
02/28/2025 20:04:52 - INFO - __main__ -    0/30 , Val_Loss = 2.1571671962738037
02/28/2025 20:05:01 - INFO - __main__ -   Validation Loss = 1.8714237252871195
02/28/2025 20:05:01 - INFO - __main__ -   Current Not Best Loss, Current Loss = 1.8714237252871195, Best Loss is = 1.5046110550562541
02/28/2025 20:05:01 - INFO - __main__ -   ---------end validation--------
02/28/2025 20:05:01 - INFO - __main__ -     epoch = 64
02/28/2025 20:05:02 - INFO - __main__ -   Epoch: 64, Train_Step: 0/237, Train_Loss = 0.0302
02/28/2025 20:07:58 - INFO - __main__ -   Epoch: 64, Train_Step: 200/237, Train_Loss = 0.0254
02/28/2025 20:08:30 - INFO - __main__ -   epoch: 64, step: 236/237, loss: 0.0252, lr: 5.3e-06, oom: 0, time: 209s
02/28/2025 20:08:30 - INFO - __main__ -   -------start validation--------
02/28/2025 20:08:32 - INFO - __main__ -    0/30 , Val_Loss = 2.1640522480010986
02/28/2025 20:08:41 - INFO - __main__ -   Validation Loss = 1.8677645246187846
02/28/2025 20:08:41 - INFO - __main__ -   Current Not Best Loss, Current Loss = 1.8677645246187846, Best Loss is = 1.5046110550562541
02/28/2025 20:08:41 - INFO - __main__ -   ---------end validation--------
02/28/2025 20:08:41 - INFO - __main__ -     epoch = 65
02/28/2025 20:08:43 - INFO - __main__ -   Epoch: 65, Train_Step: 0/237, Train_Loss = 0.0292
02/28/2025 20:11:42 - INFO - __main__ -   Epoch: 65, Train_Step: 200/237, Train_Loss = 0.0244
02/28/2025 20:12:13 - INFO - __main__ -   epoch: 65, step: 236/237, loss: 0.0245, lr: 4.8e-06, oom: 0, time: 212s
02/28/2025 20:12:13 - INFO - __main__ -   -------start validation--------
02/28/2025 20:12:15 - INFO - __main__ -    0/30 , Val_Loss = 2.155660390853882
02/28/2025 20:12:24 - INFO - __main__ -   Validation Loss = 1.878770156701406
02/28/2025 20:12:24 - INFO - __main__ -   Current Not Best Loss, Current Loss = 1.878770156701406, Best Loss is = 1.5046110550562541
02/28/2025 20:12:24 - INFO - __main__ -   ---------end validation--------
02/28/2025 20:12:24 - INFO - __main__ -     epoch = 66
02/28/2025 20:12:25 - INFO - __main__ -   Epoch: 66, Train_Step: 0/237, Train_Loss = 0.0278
02/28/2025 20:16:40 - INFO - __main__ -   Epoch: 66, Train_Step: 200/237, Train_Loss = 0.0241
02/28/2025 20:18:59 - INFO - __main__ -   epoch: 66, step: 236/237, loss: 0.0238, lr: 4.3e-06, oom: 0, time: 395s
02/28/2025 20:18:59 - INFO - __main__ -   -------start validation--------
02/28/2025 20:19:02 - INFO - __main__ -    0/30 , Val_Loss = 2.1780078411102295
02/28/2025 20:19:34 - INFO - __main__ -   Validation Loss = 1.8830772439638774
02/28/2025 20:19:34 - INFO - __main__ -   Current Not Best Loss, Current Loss = 1.8830772439638774, Best Loss is = 1.5046110550562541
02/28/2025 20:19:34 - INFO - __main__ -   ---------end validation--------
02/28/2025 20:19:34 - INFO - __main__ -     epoch = 67
02/28/2025 20:19:39 - INFO - __main__ -   Epoch: 67, Train_Step: 0/237, Train_Loss = 0.038
02/28/2025 20:27:11 - INFO - __main__ -   Epoch: 67, Train_Step: 200/237, Train_Loss = 0.0234
02/28/2025 20:27:43 - INFO - __main__ -   epoch: 67, step: 236/237, loss: 0.0234, lr: 3.7e-06, oom: 0, time: 488s
02/28/2025 20:27:43 - INFO - __main__ -   -------start validation--------
02/28/2025 20:27:44 - INFO - __main__ -    0/30 , Val_Loss = 2.1785202026367188
02/28/2025 20:27:53 - INFO - __main__ -   Validation Loss = 1.882717490196228
02/28/2025 20:27:53 - INFO - __main__ -   Current Not Best Loss, Current Loss = 1.882717490196228, Best Loss is = 1.5046110550562541
02/28/2025 20:27:53 - INFO - __main__ -   ---------end validation--------
02/28/2025 20:27:53 - INFO - __main__ -     epoch = 68
02/28/2025 20:27:55 - INFO - __main__ -   Epoch: 68, Train_Step: 0/237, Train_Loss = 0.0259
02/28/2025 20:34:27 - INFO - __main__ -   Epoch: 68, Train_Step: 200/237, Train_Loss = 0.0234
02/28/2025 20:34:59 - INFO - __main__ -   epoch: 68, step: 236/237, loss: 0.0234, lr: 3.2e-06, oom: 0, time: 425s
02/28/2025 20:34:59 - INFO - __main__ -   -------start validation--------
02/28/2025 20:35:00 - INFO - __main__ -    0/30 , Val_Loss = 2.187849760055542
02/28/2025 20:35:09 - INFO - __main__ -   Validation Loss = 1.8874064564704895
02/28/2025 20:35:09 - INFO - __main__ -   Current Not Best Loss, Current Loss = 1.8874064564704895, Best Loss is = 1.5046110550562541
02/28/2025 20:35:09 - INFO - __main__ -   ---------end validation--------
02/28/2025 20:35:09 - INFO - __main__ -     epoch = 69
02/28/2025 20:35:11 - INFO - __main__ -   Epoch: 69, Train_Step: 0/237, Train_Loss = 0.0262
02/28/2025 20:40:38 - INFO - __main__ -   Epoch: 69, Train_Step: 200/237, Train_Loss = 0.0227
02/28/2025 20:42:33 - INFO - __main__ -   epoch: 69, step: 236/237, loss: 0.0227, lr: 2.7e-06, oom: 0, time: 443s
02/28/2025 20:42:33 - INFO - __main__ -   -------start validation--------
02/28/2025 20:42:34 - INFO - __main__ -    0/30 , Val_Loss = 2.180772304534912
02/28/2025 20:42:43 - INFO - __main__ -   Validation Loss = 1.8853532512982687
02/28/2025 20:42:43 - INFO - __main__ -   Current Not Best Loss, Current Loss = 1.8853532512982687, Best Loss is = 1.5046110550562541
02/28/2025 20:42:43 - INFO - __main__ -   ---------end validation--------
02/28/2025 20:42:43 - INFO - __main__ -     epoch = 70
02/28/2025 20:42:45 - INFO - __main__ -   Epoch: 70, Train_Step: 0/237, Train_Loss = 0.0304
02/28/2025 20:45:41 - INFO - __main__ -   Epoch: 70, Train_Step: 200/237, Train_Loss = 0.0227
02/28/2025 20:46:12 - INFO - __main__ -   epoch: 70, step: 236/237, loss: 0.0224, lr: 2.1e-06, oom: 0, time: 209s
02/28/2025 20:46:12 - INFO - __main__ -   -------start validation--------
02/28/2025 20:46:14 - INFO - __main__ -    0/30 , Val_Loss = 2.193375587463379
02/28/2025 20:46:23 - INFO - __main__ -   Validation Loss = 1.8943272670110067
02/28/2025 20:46:23 - INFO - __main__ -   Current Not Best Loss, Current Loss = 1.8943272670110067, Best Loss is = 1.5046110550562541
02/28/2025 20:46:23 - INFO - __main__ -   ---------end validation--------
02/28/2025 20:46:23 - INFO - __main__ -     epoch = 71
02/28/2025 20:46:25 - INFO - __main__ -   Epoch: 71, Train_Step: 0/237, Train_Loss = 0.0261
02/28/2025 20:49:21 - INFO - __main__ -   Epoch: 71, Train_Step: 200/237, Train_Loss = 0.0219
02/28/2025 20:49:53 - INFO - __main__ -   epoch: 71, step: 236/237, loss: 0.0216, lr: 1.6e-06, oom: 0, time: 209s
02/28/2025 20:49:53 - INFO - __main__ -   -------start validation--------
02/28/2025 20:49:54 - INFO - __main__ -    0/30 , Val_Loss = 2.185413360595703
02/28/2025 20:50:03 - INFO - __main__ -   Validation Loss = 1.8878140846888225
02/28/2025 20:50:03 - INFO - __main__ -   Current Not Best Loss, Current Loss = 1.8878140846888225, Best Loss is = 1.5046110550562541
02/28/2025 20:50:03 - INFO - __main__ -   ---------end validation--------
02/28/2025 20:50:03 - INFO - __main__ -     epoch = 72
02/28/2025 20:50:05 - INFO - __main__ -   Epoch: 72, Train_Step: 0/237, Train_Loss = 0.0298
02/28/2025 20:54:22 - INFO - __main__ -   Epoch: 72, Train_Step: 200/237, Train_Loss = 0.0221
02/28/2025 20:54:53 - INFO - __main__ -   epoch: 72, step: 236/237, loss: 0.022, lr: 1.1e-06, oom: 0, time: 290s
02/28/2025 20:54:53 - INFO - __main__ -   -------start validation--------
02/28/2025 20:54:55 - INFO - __main__ -    0/30 , Val_Loss = 2.187100410461426
02/28/2025 20:55:22 - INFO - __main__ -   Validation Loss = 1.88811541001002
02/28/2025 20:55:22 - INFO - __main__ -   Current Not Best Loss, Current Loss = 1.88811541001002, Best Loss is = 1.5046110550562541
02/28/2025 20:55:22 - INFO - __main__ -   ---------end validation--------
02/28/2025 20:55:22 - INFO - __main__ -     epoch = 73
02/28/2025 20:55:28 - INFO - __main__ -   Epoch: 73, Train_Step: 0/237, Train_Loss = 0.0278
02/28/2025 20:59:15 - INFO - __main__ -   Epoch: 73, Train_Step: 200/237, Train_Loss = 0.0208
02/28/2025 20:59:47 - INFO - __main__ -   epoch: 73, step: 236/237, loss: 0.0206, lr: 5e-07, oom: 0, time: 264s
02/28/2025 20:59:47 - INFO - __main__ -   -------start validation--------
02/28/2025 20:59:48 - INFO - __main__ -    0/30 , Val_Loss = 2.191011428833008
02/28/2025 20:59:57 - INFO - __main__ -   Validation Loss = 1.8930949250857034
02/28/2025 20:59:57 - INFO - __main__ -   Current Not Best Loss, Current Loss = 1.8930949250857034, Best Loss is = 1.5046110550562541
02/28/2025 20:59:57 - INFO - __main__ -   ---------end validation--------
02/28/2025 20:59:57 - INFO - __main__ -     epoch = 74
02/28/2025 20:59:59 - INFO - __main__ -   Epoch: 74, Train_Step: 0/237, Train_Loss = 0.0213
02/28/2025 21:02:56 - INFO - __main__ -   Epoch: 74, Train_Step: 200/237, Train_Loss = 0.0211
02/28/2025 21:03:27 - INFO - __main__ -   epoch: 74, step: 236/237, loss: 0.0209, lr: 0.0, oom: 0, time: 209s
02/28/2025 21:03:27 - INFO - __main__ -   -------start validation--------
02/28/2025 21:03:28 - INFO - __main__ -    0/30 , Val_Loss = 2.1937477588653564
02/28/2025 21:03:37 - INFO - __main__ -   Validation Loss = 1.894633666674296
02/28/2025 21:03:37 - INFO - __main__ -   Current Not Best Loss, Current Loss = 1.894633666674296, Best Loss is = 1.5046110550562541
02/28/2025 21:03:37 - INFO - __main__ -   This is Last Checkpoint, Current Loss = 1.894633666674296, Best Loss is = 1.5046110550562541
02/28/2025 21:03:41 - INFO - __main__ -   ---------end validation--------
